----------------------------------------
Exception occurred during processing of request from ('127.0.0.1', 25256)
Traceback (most recent call last):
  File "C:\Users\Anton\anaconda3\Lib\socketserver.py", line 691, in process_request_thread
    self.finish_request(request, client_address)
  File "C:\Users\Anton\anaconda3\Lib\socketserver.py", line 361, in finish_request
    self.RequestHandlerClass(request, client_address, self)
  File "C:\Users\Anton\anaconda3\Lib\socketserver.py", line 755, in __init__
    self.handle()
  File "C:\Users\Anton\anaconda3\Lib\http\server.py", line 436, in handle
    self.handle_one_request()
  File "C:\Users\Anton\anaconda3\Lib\http\server.py", line 424, in handle_one_request
    method()
  File "C:\Users\Anton\Projects\Check-net\checknet\dashboard.py", line 173, in do_GET
    self.send_json(payload)
  File "C:\Users\Anton\Projects\Check-net\checknet\dashboard.py", line 195, in send_json
    self.wfile.write(encoded)
  File "C:\Users\Anton\anaconda3\Lib\socketserver.py", line 834, in write
    self._sock.sendall(b)
ConnectionAbortedError: [WinError 10053] An established connection was aborted by the software in your host machine
----------------------------------------
----------------------------------------
Exception occurred during processing of request from ('127.0.0.1', 1418)
Traceback (most recent call last):
  File "C:\Users\Anton\anaconda3\Lib\socketserver.py", line 691, in process_request_thread
    self.finish_request(request, client_address)
  File "C:\Users\Anton\anaconda3\Lib\socketserver.py", line 361, in finish_request
    self.RequestHandlerClass(request, client_address, self)
  File "C:\Users\Anton\anaconda3\Lib\socketserver.py", line 755, in __init__
    self.handle()
  File "C:\Users\Anton\anaconda3\Lib\http\server.py", line 436, in handle
    self.handle_one_request()
  File "C:\Users\Anton\anaconda3\Lib\http\server.py", line 424, in handle_one_request
    method()
  File "C:\Users\Anton\Projects\Check-net\checknet\dashboard.py", line 173, in do_GET
    self.send_json(payload)
  File "C:\Users\Anton\Projects\Check-net\checknet\dashboard.py", line 195, in send_json
    self.wfile.write(encoded)
  File "C:\Users\Anton\anaconda3\Lib\socketserver.py", line 834, in write
    self._sock.sendall(b)
ConnectionAbortedError: [WinError 10053] An established connection was aborted by the software in your host machine
----------------------------------------
